[INFO] Scanning for projects...
[INFO] 
[INFO] -------------------< com.iatechnology:auth-service >--------------------
[INFO] Building auth-service 0.0.1-SNAPSHOT
[INFO]   from pom.xml
[INFO] --------------------------------[ jar ]---------------------------------
[INFO] 
[INFO] >>> spring-boot:3.2.4:run (default-cli) > test-compile @ auth-service >>>
[INFO] 
[INFO] --- resources:3.3.1:resources (default-resources) @ auth-service ---
[INFO] Copying 1 resource from src/main/resources to target/classes
[INFO] Copying 0 resource from src/main/resources to target/classes
[INFO] 
[INFO] --- compiler:3.11.0:compile (default-compile) @ auth-service ---
[INFO] Nothing to compile - all classes are up to date
[INFO] 
[INFO] --- resources:3.3.1:testResources (default-testResources) @ auth-service ---
[INFO] skip non existing resourceDirectory /home/rayenfehri/9raya/sem2/web/backend/auth-service/src/test/resources
[INFO] 
[INFO] --- compiler:3.11.0:testCompile (default-testCompile) @ auth-service ---
[INFO] No sources to compile
[INFO] 
[INFO] <<< spring-boot:3.2.4:run (default-cli) < test-compile @ auth-service <<<
[INFO] 
[INFO] 
[INFO] --- spring-boot:3.2.4:run (default-cli) @ auth-service ---
[INFO] Attaching agents: []

  .   ____          _            __ _ _
 /\\ / ___'_ __ _ _(_)_ __  __ _ \ \ \ \
( ( )\___ | '_ | '_| | '_ \/ _` | \ \ \ \
 \\/  ___)| |_)| | | | | || (_| |  ) ) ) )
  '  |____| .__|_| |_|_| |_\__, | / / / /
 =========|_|==============|___/=/_/_/_/
 :: Spring Boot ::                (v3.2.4)

2026-04-22T21:43:26.791+01:00  INFO 10023 --- [auth-service] [           main] c.i.platform.AuthServiceApplication      : Starting AuthServiceApplication using Java 21.0.10 with PID 10023 (/home/rayenfehri/9raya/sem2/web/backend/auth-service/target/classes started by rayenfehri in /home/rayenfehri/9raya/sem2/web/backend/auth-service)
2026-04-22T21:43:26.794+01:00  INFO 10023 --- [auth-service] [           main] c.i.platform.AuthServiceApplication      : No active profile set, falling back to 1 default profile: "default"
2026-04-22T21:43:27.581+01:00  INFO 10023 --- [auth-service] [           main] .s.d.r.c.RepositoryConfigurationDelegate : Bootstrapping Spring Data JPA repositories in DEFAULT mode.
2026-04-22T21:43:27.707+01:00  INFO 10023 --- [auth-service] [           main] .s.d.r.c.RepositoryConfigurationDelegate : Finished Spring Data repository scanning in 119 ms. Found 2 JPA repository interfaces.
2026-04-22T21:43:27.910+01:00  INFO 10023 --- [auth-service] [           main] o.s.cloud.context.scope.GenericScope     : BeanFactory id=693307f8-e368-36b0-9bb1-9560a9d4c8c4
2026-04-22T21:43:28.154+01:00  WARN 10023 --- [auth-service] [           main] trationDelegate$BeanPostProcessorChecker : Bean 'org.springframework.cloud.client.loadbalancer.LoadBalancerAutoConfiguration$DeferringLoadBalancerInterceptorConfig' of type [org.springframework.cloud.client.loadbalancer.LoadBalancerAutoConfiguration$DeferringLoadBalancerInterceptorConfig] is not eligible for getting processed by all BeanPostProcessors (for example: not eligible for auto-proxying). The currently created BeanPostProcessor [lbRestClientPostProcessor] is declared through a non-static factory method on that class; consider declaring it as static instead.
2026-04-22T21:43:28.157+01:00  WARN 10023 --- [auth-service] [           main] trationDelegate$BeanPostProcessorChecker : Bean 'deferringLoadBalancerInterceptor' of type [org.springframework.cloud.client.loadbalancer.DeferringLoadBalancerInterceptor] is not eligible for getting processed by all BeanPostProcessors (for example: not eligible for auto-proxying). Is this bean getting eagerly injected into a currently created BeanPostProcessor [lbRestClientPostProcessor]? Check the corresponding BeanPostProcessor declaration and its dependencies.
2026-04-22T21:43:28.369+01:00  INFO 10023 --- [auth-service] [           main] o.s.b.w.embedded.tomcat.TomcatWebServer  : Tomcat initialized with port 8081 (http)
2026-04-22T21:43:28.380+01:00  INFO 10023 --- [auth-service] [           main] o.apache.catalina.core.StandardService   : Starting service [Tomcat]
2026-04-22T21:43:28.380+01:00  INFO 10023 --- [auth-service] [           main] o.apache.catalina.core.StandardEngine    : Starting Servlet engine: [Apache Tomcat/10.1.19]
2026-04-22T21:43:28.423+01:00  INFO 10023 --- [auth-service] [           main] o.a.c.c.C.[Tomcat].[localhost].[/]       : Initializing Spring embedded WebApplicationContext
2026-04-22T21:43:28.423+01:00  INFO 10023 --- [auth-service] [           main] w.s.c.ServletWebServerApplicationContext : Root WebApplicationContext: initialization completed in 1580 ms
2026-04-22T21:43:28.618+01:00  INFO 10023 --- [auth-service] [           main] o.hibernate.jpa.internal.util.LogHelper  : HHH000204: Processing PersistenceUnitInfo [name: default]
2026-04-22T21:43:28.667+01:00  INFO 10023 --- [auth-service] [           main] org.hibernate.Version                    : HHH000412: Hibernate ORM core version 6.4.4.Final
2026-04-22T21:43:28.696+01:00  INFO 10023 --- [auth-service] [           main] o.h.c.internal.RegionFactoryInitiator    : HHH000026: Second-level cache disabled
2026-04-22T21:43:28.880+01:00  INFO 10023 --- [auth-service] [           main] o.s.o.j.p.SpringPersistenceUnitInfo      : No LoadTimeWeaver setup: ignoring JPA class transformer
2026-04-22T21:43:28.907+01:00  INFO 10023 --- [auth-service] [           main] com.zaxxer.hikari.HikariDataSource       : HikariPool-1 - Starting...
2026-04-22T21:43:29.074+01:00  INFO 10023 --- [auth-service] [           main] com.zaxxer.hikari.pool.HikariPool        : HikariPool-1 - Added connection com.mysql.cj.jdbc.ConnectionImpl@7e20f4e3
2026-04-22T21:43:29.075+01:00  INFO 10023 --- [auth-service] [           main] com.zaxxer.hikari.HikariDataSource       : HikariPool-1 - Start completed.
2026-04-22T21:43:29.122+01:00  WARN 10023 --- [auth-service] [           main] org.hibernate.orm.deprecation            : HHH90000025: MySQLDialect does not need to be specified explicitly using 'hibernate.dialect' (remove the property setting and it will be selected by default)
2026-04-22T21:43:29.849+01:00  INFO 10023 --- [auth-service] [           main] o.h.e.t.j.p.i.JtaPlatformInitiator       : HHH000489: No JTA platform available (set 'hibernate.transaction.jta.platform' to enable JTA platform integration)
2026-04-22T21:43:29.943+01:00  INFO 10023 --- [auth-service] [           main] j.LocalContainerEntityManagerFactoryBean : Initialized JPA EntityManagerFactory for persistence unit 'default'
2026-04-22T21:43:30.554+01:00  WARN 10023 --- [auth-service] [           main] JpaBaseConfiguration$JpaWebConfiguration : spring.jpa.open-in-view is enabled by default. Therefore, database queries may be performed during view rendering. Explicitly configure spring.jpa.open-in-view to disable this warning
2026-04-22T21:43:30.947+01:00  INFO 10023 --- [auth-service] [           main] o.s.s.web.DefaultSecurityFilterChain     : Will secure any request with [org.springframework.security.web.session.DisableEncodeUrlFilter@3fe33c59, org.springframework.security.web.context.request.async.WebAsyncManagerIntegrationFilter@4a5cddd9, org.springframework.security.web.context.SecurityContextHolderFilter@2823bd30, org.springframework.security.web.header.HeaderWriterFilter@2fb3c930, org.springframework.web.filter.CorsFilter@34e700f4, org.springframework.security.web.authentication.logout.LogoutFilter@60eb9c29, com.iatechnology.platform.security.AuthTokenFilter@7a79a5d6, org.springframework.security.web.savedrequest.RequestCacheAwareFilter@5a0c0680, org.springframework.security.web.servletapi.SecurityContextHolderAwareRequestFilter@18d963be, org.springframework.security.web.authentication.AnonymousAuthenticationFilter@38c7ad43, org.springframework.security.web.session.SessionManagementFilter@7d776105, org.springframework.security.web.access.ExceptionTranslationFilter@188500e9, org.springframework.security.web.access.intercept.AuthorizationFilter@2f0a29f7]
2026-04-22T21:43:31.448+01:00  INFO 10023 --- [auth-service] [           main] DiscoveryClientOptionalArgsConfiguration : Eureka HTTP Client uses RestTemplate.
2026-04-22T21:43:31.502+01:00  WARN 10023 --- [auth-service] [           main] iguration$LoadBalancerCaffeineWarnLogger : Spring Cloud LoadBalancer is currently working with the default cache. While this cache implementation is useful for development and tests, it's recommended to use Caffeine cache in production.You can switch to using Caffeine cache, by adding it and org.springframework.cache.caffeine.CaffeineCacheManager to the classpath.
2026-04-22T21:43:31.530+01:00  INFO 10023 --- [auth-service] [           main] o.s.c.n.eureka.InstanceInfoFactory       : Setting initial instance status as: STARTING
2026-04-22T21:43:31.647+01:00  INFO 10023 --- [auth-service] [           main] com.netflix.discovery.DiscoveryClient    : Initializing Eureka in region us-east-1
2026-04-22T21:43:31.650+01:00  INFO 10023 --- [auth-service] [           main] c.n.d.s.r.aws.ConfigClusterResolver      : Resolving eureka endpoints via configuration
2026-04-22T21:43:31.666+01:00  INFO 10023 --- [auth-service] [           main] com.netflix.discovery.DiscoveryClient    : Disable delta property : false
2026-04-22T21:43:31.666+01:00  INFO 10023 --- [auth-service] [           main] com.netflix.discovery.DiscoveryClient    : Single vip registry refresh property : null
2026-04-22T21:43:31.666+01:00  INFO 10023 --- [auth-service] [           main] com.netflix.discovery.DiscoveryClient    : Force full registry fetch : false
2026-04-22T21:43:31.666+01:00  INFO 10023 --- [auth-service] [           main] com.netflix.discovery.DiscoveryClient    : Application is null : false
2026-04-22T21:43:31.667+01:00  INFO 10023 --- [auth-service] [           main] com.netflix.discovery.DiscoveryClient    : Registered Applications size is zero : true
2026-04-22T21:43:31.667+01:00  INFO 10023 --- [auth-service] [           main] com.netflix.discovery.DiscoveryClient    : Application version is -1: true
2026-04-22T21:43:31.667+01:00  INFO 10023 --- [auth-service] [           main] com.netflix.discovery.DiscoveryClient    : Getting all instance registry info from the eureka server
2026-04-22T21:43:32.102+01:00  INFO 10023 --- [auth-service] [           main] com.netflix.discovery.DiscoveryClient    : The response status is 200
2026-04-22T21:43:32.105+01:00  INFO 10023 --- [auth-service] [           main] com.netflix.discovery.DiscoveryClient    : Starting heartbeat executor: renew interval is: 30
2026-04-22T21:43:32.107+01:00  INFO 10023 --- [auth-service] [           main] c.n.discovery.InstanceInfoReplicator     : InstanceInfoReplicator onDemand update allowed rate per min is 4
2026-04-22T21:43:32.111+01:00  INFO 10023 --- [auth-service] [           main] com.netflix.discovery.DiscoveryClient    : Discovery Client initialized at timestamp 1776890612111 with initial instances count: 0
2026-04-22T21:43:32.119+01:00  INFO 10023 --- [auth-service] [           main] o.s.c.n.e.s.EurekaServiceRegistry        : Registering application AUTH-SERVICE with eureka with status UP
2026-04-22T21:43:32.119+01:00  INFO 10023 --- [auth-service] [           main] com.netflix.discovery.DiscoveryClient    : Saw local status change event StatusChangeEvent [timestamp=1776890612119, current=UP, previous=STARTING]
2026-04-22T21:43:32.121+01:00  INFO 10023 --- [auth-service] [nfoReplicator-0] com.netflix.discovery.DiscoveryClient    : DiscoveryClient_AUTH-SERVICE/fedora:auth-service:8081: registering service...
2026-04-22T21:43:32.133+01:00  INFO 10023 --- [auth-service] [           main] o.s.b.w.embedded.tomcat.TomcatWebServer  : Tomcat started on port 8081 (http) with context path ''
2026-04-22T21:43:32.134+01:00  INFO 10023 --- [auth-service] [           main] .s.c.n.e.s.EurekaAutoServiceRegistration : Updating port to 8081
2026-04-22T21:43:32.143+01:00  INFO 10023 --- [auth-service] [           main] c.i.platform.AuthServiceApplication      : Started AuthServiceApplication in 5.706 seconds (process running for 5.965)
2026-04-22T21:43:32.237+01:00  INFO 10023 --- [auth-service] [nfoReplicator-0] com.netflix.discovery.DiscoveryClient    : DiscoveryClient_AUTH-SERVICE/fedora:auth-service:8081 - registration status: 204
Hibernate: select count(*) from roles r1_0
Hibernate: select count(*) from users u1_0
2026-04-22T21:44:02.105+01:00  INFO 10023 --- [auth-service] [freshExecutor-0] com.netflix.discovery.DiscoveryClient    : Disable delta property : false
2026-04-22T21:44:02.106+01:00  INFO 10023 --- [auth-service] [freshExecutor-0] com.netflix.discovery.DiscoveryClient    : Single vip registry refresh property : null
2026-04-22T21:44:02.106+01:00  INFO 10023 --- [auth-service] [freshExecutor-0] com.netflix.discovery.DiscoveryClient    : Force full registry fetch : false
2026-04-22T21:44:02.106+01:00  INFO 10023 --- [auth-service] [freshExecutor-0] com.netflix.discovery.DiscoveryClient    : Application is null : false
2026-04-22T21:44:02.106+01:00  INFO 10023 --- [auth-service] [freshExecutor-0] com.netflix.discovery.DiscoveryClient    : Registered Applications size is zero : true
2026-04-22T21:44:02.106+01:00  INFO 10023 --- [auth-service] [freshExecutor-0] com.netflix.discovery.DiscoveryClient    : Application version is -1: false
2026-04-22T21:44:02.106+01:00  INFO 10023 --- [auth-service] [freshExecutor-0] com.netflix.discovery.DiscoveryClient    : Getting all instance registry info from the eureka server
2026-04-22T21:44:02.132+01:00  INFO 10023 --- [auth-service] [freshExecutor-0] com.netflix.discovery.DiscoveryClient    : The response status is 200
2026-04-22T21:46:17.188+01:00  INFO 10023 --- [auth-service] [nio-8081-exec-1] o.a.c.c.C.[Tomcat].[localhost].[/]       : Initializing Spring DispatcherServlet 'dispatcherServlet'
2026-04-22T21:46:17.190+01:00  INFO 10023 --- [auth-service] [nio-8081-exec-1] o.s.web.servlet.DispatcherServlet        : Initializing Servlet 'dispatcherServlet'
2026-04-22T21:46:17.199+01:00  INFO 10023 --- [auth-service] [nio-8081-exec-1] o.s.web.servlet.DispatcherServlet        : Completed initialization in 9 ms
Hibernate: select u1_0.id,u1_0.email,u1_0.enabled,u1_0.nom,u1_0.password,u1_0.prenom,u1_0.username from users u1_0 where u1_0.username=?
Hibernate: select r1_0.user_id,r1_1.id,r1_1.name from user_roles r1_0 join roles r1_1 on r1_1.id=r1_0.role_id where r1_0.user_id=?
2026-04-22T21:46:17.619+01:00  INFO 10023 --- [auth-service] [nio-8081-exec-1] c.i.platform.aspect.LoggingAspect        : Action [LOGIN] exécutée. (User Authentication Requested)
2026-04-22T21:48:31.669+01:00  INFO 10023 --- [auth-service] [trap-executor-0] c.n.d.s.r.aws.ConfigClusterResolver      : Resolving eureka endpoints via configuration
2026-04-22T21:53:31.670+01:00  INFO 10023 --- [auth-service] [trap-executor-0] c.n.d.s.r.aws.ConfigClusterResolver      : Resolving eureka endpoints via configuration
