[INFO] Scanning for projects...
[INFO] 
[INFO] -------------------< com.iatechnology:eureka-server >-------------------
[INFO] Building eureka-server 0.0.1-SNAPSHOT
[INFO]   from pom.xml
[INFO] --------------------------------[ jar ]---------------------------------
[INFO] 
[INFO] >>> spring-boot:3.2.4:run (default-cli) > test-compile @ eureka-server >>>
[INFO] 
[INFO] --- resources:3.3.1:resources (default-resources) @ eureka-server ---
[INFO] Copying 1 resource from src/main/resources to target/classes
[INFO] Copying 0 resource from src/main/resources to target/classes
[INFO] 
[INFO] --- compiler:3.11.0:compile (default-compile) @ eureka-server ---
[INFO] Nothing to compile - all classes are up to date
[INFO] 
[INFO] --- resources:3.3.1:testResources (default-testResources) @ eureka-server ---
[INFO] skip non existing resourceDirectory /home/rayenfehri/9raya/sem2/web/backend/eureka-server/src/test/resources
[INFO] 
[INFO] --- compiler:3.11.0:testCompile (default-testCompile) @ eureka-server ---
[INFO] No sources to compile
[INFO] 
[INFO] <<< spring-boot:3.2.4:run (default-cli) < test-compile @ eureka-server <<<
[INFO] 
[INFO] 
[INFO] --- spring-boot:3.2.4:run (default-cli) @ eureka-server ---
[INFO] Attaching agents: []

  .   ____          _            __ _ _
 /\\ / ___'_ __ _ _(_)_ __  __ _ \ \ \ \
( ( )\___ | '_ | '_| | '_ \/ _` | \ \ \ \
 \\/  ___)| |_)| | | | | || (_| |  ) ) ) )
  '  |____| .__|_| |_|_| |_\__, | / / / /
 =========|_|==============|___/=/_/_/_/
 :: Spring Boot ::                (v3.2.4)

2026-04-22T21:43:21.229+01:00  INFO 9798 --- [eureka-server] [           main] c.i.eureka.EurekaServerApplication       : Starting EurekaServerApplication using Java 21.0.10 with PID 9798 (/home/rayenfehri/9raya/sem2/web/backend/eureka-server/target/classes started by rayenfehri in /home/rayenfehri/9raya/sem2/web/backend/eureka-server)
2026-04-22T21:43:21.230+01:00  INFO 9798 --- [eureka-server] [           main] c.i.eureka.EurekaServerApplication       : No active profile set, falling back to 1 default profile: "default"
2026-04-22T21:43:21.878+01:00  INFO 9798 --- [eureka-server] [           main] o.s.cloud.context.scope.GenericScope     : BeanFactory id=8f3ec10f-59cd-397d-82f3-7da97306a40e
2026-04-22T21:43:21.913+01:00  WARN 9798 --- [eureka-server] [           main] trationDelegate$BeanPostProcessorChecker : Bean 'org.springframework.cloud.client.loadbalancer.LoadBalancerAutoConfiguration$DeferringLoadBalancerInterceptorConfig' of type [org.springframework.cloud.client.loadbalancer.LoadBalancerAutoConfiguration$DeferringLoadBalancerInterceptorConfig] is not eligible for getting processed by all BeanPostProcessors (for example: not eligible for auto-proxying). The currently created BeanPostProcessor [lbRestClientPostProcessor] is declared through a non-static factory method on that class; consider declaring it as static instead.
2026-04-22T21:43:21.915+01:00  WARN 9798 --- [eureka-server] [           main] trationDelegate$BeanPostProcessorChecker : Bean 'deferringLoadBalancerInterceptor' of type [org.springframework.cloud.client.loadbalancer.DeferringLoadBalancerInterceptor] is not eligible for getting processed by all BeanPostProcessors (for example: not eligible for auto-proxying). Is this bean getting eagerly injected into a currently created BeanPostProcessor [lbRestClientPostProcessor]? Check the corresponding BeanPostProcessor declaration and its dependencies.
2026-04-22T21:43:22.051+01:00  INFO 9798 --- [eureka-server] [           main] o.s.b.w.embedded.tomcat.TomcatWebServer  : Tomcat initialized with port 8761 (http)
2026-04-22T21:43:22.059+01:00  INFO 9798 --- [eureka-server] [           main] o.apache.catalina.core.StandardService   : Starting service [Tomcat]
2026-04-22T21:43:22.059+01:00  INFO 9798 --- [eureka-server] [           main] o.apache.catalina.core.StandardEngine    : Starting Servlet engine: [Apache Tomcat/10.1.19]
2026-04-22T21:43:22.102+01:00  INFO 9798 --- [eureka-server] [           main] o.a.c.c.C.[Tomcat].[localhost].[/]       : Initializing Spring embedded WebApplicationContext
2026-04-22T21:43:22.103+01:00  INFO 9798 --- [eureka-server] [           main] w.s.c.ServletWebServerApplicationContext : Root WebApplicationContext: initialization completed in 842 ms
2026-04-22T21:43:22.691+01:00  INFO 9798 --- [eureka-server] [           main] c.n.d.provider.DiscoveryJerseyProvider   : Using JSON encoding codec LegacyJacksonJson
2026-04-22T21:43:22.692+01:00  INFO 9798 --- [eureka-server] [           main] c.n.d.provider.DiscoveryJerseyProvider   : Using JSON decoding codec LegacyJacksonJson
2026-04-22T21:43:22.808+01:00  INFO 9798 --- [eureka-server] [           main] c.n.d.provider.DiscoveryJerseyProvider   : Using XML encoding codec XStreamXml
2026-04-22T21:43:22.809+01:00  INFO 9798 --- [eureka-server] [           main] c.n.d.provider.DiscoveryJerseyProvider   : Using XML decoding codec XStreamXml
2026-04-22T21:43:23.319+01:00  WARN 9798 --- [eureka-server] [           main] iguration$LoadBalancerCaffeineWarnLogger : Spring Cloud LoadBalancer is currently working with the default cache. While this cache implementation is useful for development and tests, it's recommended to use Caffeine cache in production.You can switch to using Caffeine cache, by adding it and org.springframework.cache.caffeine.CaffeineCacheManager to the classpath.
2026-04-22T21:43:23.335+01:00  INFO 9798 --- [eureka-server] [           main] o.s.c.n.eureka.InstanceInfoFactory       : Setting initial instance status as: STARTING
2026-04-22T21:43:23.349+01:00  INFO 9798 --- [eureka-server] [           main] com.netflix.discovery.DiscoveryClient    : Initializing Eureka in region us-east-1
2026-04-22T21:43:23.349+01:00  INFO 9798 --- [eureka-server] [           main] com.netflix.discovery.DiscoveryClient    : Client configured to neither register nor query for data.
2026-04-22T21:43:23.354+01:00  INFO 9798 --- [eureka-server] [           main] com.netflix.discovery.DiscoveryClient    : Discovery Client initialized at timestamp 1776890603352 with initial instances count: 0
2026-04-22T21:43:23.377+01:00  INFO 9798 --- [eureka-server] [           main] c.n.eureka.DefaultEurekaServerContext    : Initializing ...
2026-04-22T21:43:23.378+01:00  WARN 9798 --- [eureka-server] [           main] c.n.eureka.cluster.PeerEurekaNodes       : The replica size seems to be empty. Check the route 53 DNS Registry
2026-04-22T21:43:23.469+01:00  INFO 9798 --- [eureka-server] [           main] c.n.e.registry.AbstractInstanceRegistry  : Finished initializing remote region registries. All known remote regions: []
2026-04-22T21:43:23.470+01:00  INFO 9798 --- [eureka-server] [           main] c.n.eureka.DefaultEurekaServerContext    : Initialized
2026-04-22T21:43:23.484+01:00  INFO 9798 --- [eureka-server] [           main] o.s.b.a.e.web.EndpointLinksResolver      : Exposing 1 endpoint(s) beneath base path '/actuator'
2026-04-22T21:43:23.540+01:00  INFO 9798 --- [eureka-server] [           main] o.s.c.n.e.s.EurekaServiceRegistry        : Registering application EUREKA-SERVER with eureka with status UP
2026-04-22T21:43:23.550+01:00  INFO 9798 --- [eureka-server] [       Thread-9] o.s.c.n.e.server.EurekaServerBootstrap   : isAws returned false
2026-04-22T21:43:23.550+01:00  INFO 9798 --- [eureka-server] [       Thread-9] o.s.c.n.e.server.EurekaServerBootstrap   : Initialized server context
2026-04-22T21:43:23.551+01:00  INFO 9798 --- [eureka-server] [       Thread-9] c.n.e.r.PeerAwareInstanceRegistryImpl    : Got 1 instances from neighboring DS node
2026-04-22T21:43:23.551+01:00  INFO 9798 --- [eureka-server] [       Thread-9] c.n.e.r.PeerAwareInstanceRegistryImpl    : Renew threshold is: 1
2026-04-22T21:43:23.551+01:00  INFO 9798 --- [eureka-server] [       Thread-9] c.n.e.r.PeerAwareInstanceRegistryImpl    : Changing status to UP
2026-04-22T21:43:23.558+01:00  INFO 9798 --- [eureka-server] [           main] o.s.b.w.embedded.tomcat.TomcatWebServer  : Tomcat started on port 8761 (http) with context path ''
2026-04-22T21:43:23.559+01:00  INFO 9798 --- [eureka-server] [           main] .s.c.n.e.s.EurekaAutoServiceRegistration : Updating port to 8761
2026-04-22T21:43:23.565+01:00  INFO 9798 --- [eureka-server] [       Thread-9] e.s.EurekaServerInitializerConfiguration : Started Eureka Server
2026-04-22T21:43:23.574+01:00  INFO 9798 --- [eureka-server] [           main] c.i.eureka.EurekaServerApplication       : Started EurekaServerApplication in 2.637 seconds (process running for 2.843)
2026-04-22T21:43:31.987+01:00  INFO 9798 --- [eureka-server] [nio-8761-exec-1] o.a.c.c.C.[Tomcat].[localhost].[/]       : Initializing Spring DispatcherServlet 'dispatcherServlet'
2026-04-22T21:43:31.987+01:00  INFO 9798 --- [eureka-server] [nio-8761-exec-1] o.s.web.servlet.DispatcherServlet        : Initializing Servlet 'dispatcherServlet'
2026-04-22T21:43:31.988+01:00  INFO 9798 --- [eureka-server] [nio-8761-exec-1] o.s.web.servlet.DispatcherServlet        : Completed initialization in 1 ms
2026-04-22T21:43:32.235+01:00  INFO 9798 --- [eureka-server] [nio-8761-exec-5] c.n.e.registry.AbstractInstanceRegistry  : Registered instance AUTH-SERVICE/fedora:auth-service:8081 with status UP (replication=false)
2026-04-22T21:43:32.235+01:00  INFO 9798 --- [eureka-server] [nio-8761-exec-4] c.n.e.registry.AbstractInstanceRegistry  : Registered instance CORE-SERVICE/fedora:core-service:8082 with status UP (replication=false)
2026-04-22T21:43:44.099+01:00  INFO 9798 --- [eureka-server] [nio-8761-exec-7] c.n.e.registry.AbstractInstanceRegistry  : Registered instance API-GATEWAY/fedora:api-gateway:8080 with status UP (replication=false)
2026-04-22T21:44:23.551+01:00  INFO 9798 --- [eureka-server] [a-EvictionTimer] c.n.e.registry.AbstractInstanceRegistry  : Running the evict task with compensationTime 0ms
2026-04-22T21:45:23.551+01:00  INFO 9798 --- [eureka-server] [a-EvictionTimer] c.n.e.registry.AbstractInstanceRegistry  : Running the evict task with compensationTime 0ms
2026-04-22T21:46:23.551+01:00  INFO 9798 --- [eureka-server] [a-EvictionTimer] c.n.e.registry.AbstractInstanceRegistry  : Running the evict task with compensationTime 0ms
2026-04-22T21:47:23.551+01:00  INFO 9798 --- [eureka-server] [a-EvictionTimer] c.n.e.registry.AbstractInstanceRegistry  : Running the evict task with compensationTime 0ms
2026-04-22T21:48:23.551+01:00  INFO 9798 --- [eureka-server] [a-EvictionTimer] c.n.e.registry.AbstractInstanceRegistry  : Running the evict task with compensationTime 0ms
2026-04-22T21:49:23.551+01:00  INFO 9798 --- [eureka-server] [a-EvictionTimer] c.n.e.registry.AbstractInstanceRegistry  : Running the evict task with compensationTime 0ms
2026-04-22T21:50:23.552+01:00  INFO 9798 --- [eureka-server] [a-EvictionTimer] c.n.e.registry.AbstractInstanceRegistry  : Running the evict task with compensationTime 0ms
2026-04-22T21:51:23.552+01:00  INFO 9798 --- [eureka-server] [a-EvictionTimer] c.n.e.registry.AbstractInstanceRegistry  : Running the evict task with compensationTime 0ms
2026-04-22T21:52:23.552+01:00  INFO 9798 --- [eureka-server] [a-EvictionTimer] c.n.e.registry.AbstractInstanceRegistry  : Running the evict task with compensationTime 0ms
2026-04-22T21:53:23.382+01:00  WARN 9798 --- [eureka-server] [eerNodesUpdater] c.n.eureka.cluster.PeerEurekaNodes       : The replica size seems to be empty. Check the route 53 DNS Registry
2026-04-22T21:53:23.552+01:00  INFO 9798 --- [eureka-server] [a-EvictionTimer] c.n.e.registry.AbstractInstanceRegistry  : Running the evict task with compensationTime 0ms
