nohup: ignoring input
🚀 Démarrage de l'infrastructure IA-Technology...
==================================================
[1/5] Lancement des bases de données MySQL (via docker-compose)...
time="2026-04-21T12:24:42+01:00" level=warning msg="/home/rayenfehri/9raya/sem2/web/backend/docker-compose.yml: the attribute `version` is obsolete, it will be ignored, please remove it to avoid potential confusion"
 Container ia_mysql Running 
 Container ia_phpmyadmin Running 
 Container ia_mysql Waiting 
 Container ia_mysql Healthy 
[INFO] Compilation de l'ensemble du projet...
[INFO] Scanning for projects...
[INFO] ------------------------------------------------------------------------
[INFO] Reactor Build Order:
[INFO] 
[INFO] ia-technology-backend                                              [pom]
[INFO] eureka-server                                                      [jar]
[INFO] api-gateway                                                        [jar]
[INFO] auth-service                                                       [jar]
[INFO] core-service                                                       [jar]
[INFO] 
[INFO] ---------------< com.iatechnology:ia-technology-backend >---------------
[INFO] Building ia-technology-backend 0.0.1-SNAPSHOT                      [1/5]
[INFO]   from pom.xml
[INFO] --------------------------------[ pom ]---------------------------------
[INFO] 
[INFO] --- clean:3.3.2:clean (default-clean) @ ia-technology-backend ---
[INFO] Deleting /home/rayenfehri/9raya/sem2/web/backend/target
[INFO] 
[INFO] --- install:3.1.1:install (default-install) @ ia-technology-backend ---
[INFO] Installing /home/rayenfehri/9raya/sem2/web/backend/pom.xml to /home/rayenfehri/.m2/repository/com/iatechnology/ia-technology-backend/0.0.1-SNAPSHOT/ia-technology-backend-0.0.1-SNAPSHOT.pom
[INFO] 
[INFO] -------------------< com.iatechnology:eureka-server >-------------------
[INFO] Building eureka-server 0.0.1-SNAPSHOT                              [2/5]
[INFO]   from eureka-server/pom.xml
[INFO] --------------------------------[ jar ]---------------------------------
[INFO] 
[INFO] --- clean:3.3.2:clean (default-clean) @ eureka-server ---
[INFO] Deleting /home/rayenfehri/9raya/sem2/web/backend/eureka-server/target
[INFO] 
[INFO] --- resources:3.3.1:resources (default-resources) @ eureka-server ---
[INFO] Copying 1 resource from src/main/resources to target/classes
[INFO] Copying 0 resource from src/main/resources to target/classes
[INFO] 
[INFO] --- compiler:3.11.0:compile (default-compile) @ eureka-server ---
[INFO] Changes detected - recompiling the module! :source
[INFO] Compiling 1 source file with javac [debug release 17] to target/classes
[INFO] 
[INFO] --- resources:3.3.1:testResources (default-testResources) @ eureka-server ---
[INFO] skip non existing resourceDirectory /home/rayenfehri/9raya/sem2/web/backend/eureka-server/src/test/resources
[INFO] 
[INFO] --- compiler:3.11.0:testCompile (default-testCompile) @ eureka-server ---
[INFO] No sources to compile
[INFO] 
[INFO] --- surefire:3.1.2:test (default-test) @ eureka-server ---
[INFO] Tests are skipped.
[INFO] 
[INFO] --- jar:3.3.0:jar (default-jar) @ eureka-server ---
[INFO] Building jar: /home/rayenfehri/9raya/sem2/web/backend/eureka-server/target/eureka-server-0.0.1-SNAPSHOT.jar
[INFO] 
[INFO] --- spring-boot:3.2.4:repackage (repackage) @ eureka-server ---
[INFO] Replacing main artifact /home/rayenfehri/9raya/sem2/web/backend/eureka-server/target/eureka-server-0.0.1-SNAPSHOT.jar with repackaged archive, adding nested dependencies in BOOT-INF/.
[INFO] The original artifact has been renamed to /home/rayenfehri/9raya/sem2/web/backend/eureka-server/target/eureka-server-0.0.1-SNAPSHOT.jar.original
[INFO] 
[INFO] --- install:3.1.1:install (default-install) @ eureka-server ---
[INFO] Installing /home/rayenfehri/9raya/sem2/web/backend/eureka-server/pom.xml to /home/rayenfehri/.m2/repository/com/iatechnology/eureka-server/0.0.1-SNAPSHOT/eureka-server-0.0.1-SNAPSHOT.pom
[INFO] Installing /home/rayenfehri/9raya/sem2/web/backend/eureka-server/target/eureka-server-0.0.1-SNAPSHOT.jar to /home/rayenfehri/.m2/repository/com/iatechnology/eureka-server/0.0.1-SNAPSHOT/eureka-server-0.0.1-SNAPSHOT.jar
[INFO] 
[INFO] --------------------< com.iatechnology:api-gateway >--------------------
[INFO] Building api-gateway 0.0.1-SNAPSHOT                                [3/5]
[INFO]   from api-gateway/pom.xml
[INFO] --------------------------------[ jar ]---------------------------------
[INFO] 
[INFO] --- clean:3.3.2:clean (default-clean) @ api-gateway ---
[INFO] Deleting /home/rayenfehri/9raya/sem2/web/backend/api-gateway/target
[INFO] 
[INFO] --- resources:3.3.1:resources (default-resources) @ api-gateway ---
[INFO] Copying 1 resource from src/main/resources to target/classes
[INFO] Copying 0 resource from src/main/resources to target/classes
[INFO] 
[INFO] --- compiler:3.11.0:compile (default-compile) @ api-gateway ---
[INFO] Changes detected - recompiling the module! :source
[INFO] Compiling 1 source file with javac [debug release 17] to target/classes
[INFO] 
[INFO] --- resources:3.3.1:testResources (default-testResources) @ api-gateway ---
[INFO] skip non existing resourceDirectory /home/rayenfehri/9raya/sem2/web/backend/api-gateway/src/test/resources
[INFO] 
[INFO] --- compiler:3.11.0:testCompile (default-testCompile) @ api-gateway ---
[INFO] No sources to compile
[INFO] 
[INFO] --- surefire:3.1.2:test (default-test) @ api-gateway ---
[INFO] Tests are skipped.
[INFO] 
[INFO] --- jar:3.3.0:jar (default-jar) @ api-gateway ---
[INFO] Building jar: /home/rayenfehri/9raya/sem2/web/backend/api-gateway/target/api-gateway-0.0.1-SNAPSHOT.jar
[INFO] 
[INFO] --- spring-boot:3.2.4:repackage (repackage) @ api-gateway ---
[INFO] Replacing main artifact /home/rayenfehri/9raya/sem2/web/backend/api-gateway/target/api-gateway-0.0.1-SNAPSHOT.jar with repackaged archive, adding nested dependencies in BOOT-INF/.
[INFO] The original artifact has been renamed to /home/rayenfehri/9raya/sem2/web/backend/api-gateway/target/api-gateway-0.0.1-SNAPSHOT.jar.original
[INFO] 
[INFO] --- install:3.1.1:install (default-install) @ api-gateway ---
[INFO] Installing /home/rayenfehri/9raya/sem2/web/backend/api-gateway/pom.xml to /home/rayenfehri/.m2/repository/com/iatechnology/api-gateway/0.0.1-SNAPSHOT/api-gateway-0.0.1-SNAPSHOT.pom
[INFO] Installing /home/rayenfehri/9raya/sem2/web/backend/api-gateway/target/api-gateway-0.0.1-SNAPSHOT.jar to /home/rayenfehri/.m2/repository/com/iatechnology/api-gateway/0.0.1-SNAPSHOT/api-gateway-0.0.1-SNAPSHOT.jar
[INFO] 
[INFO] -------------------< com.iatechnology:auth-service >--------------------
[INFO] Building auth-service 0.0.1-SNAPSHOT                               [4/5]
[INFO]   from auth-service/pom.xml
[INFO] --------------------------------[ jar ]---------------------------------
[INFO] 
[INFO] --- clean:3.3.2:clean (default-clean) @ auth-service ---
[INFO] Deleting /home/rayenfehri/9raya/sem2/web/backend/auth-service/target
[INFO] 
[INFO] --- resources:3.3.1:resources (default-resources) @ auth-service ---
[INFO] Copying 1 resource from src/main/resources to target/classes
[INFO] Copying 0 resource from src/main/resources to target/classes
[INFO] 
[INFO] --- compiler:3.11.0:compile (default-compile) @ auth-service ---
[INFO] Changes detected - recompiling the module! :source
[INFO] Compiling 30 source files with javac [debug release 17] to target/classes
[INFO] Annotation processing is enabled because one or more processors were found
  on the class path. A future release of javac may disable annotation processing
  unless at least one processor is specified by name (-processor), or a search
  path is specified (--processor-path, --processor-module-path), or annotation
  processing is enabled explicitly (-proc:only, -proc:full).
  Use -Xlint:-options to suppress this message.
  Use -proc:none to disable annotation processing.
[INFO] 
[INFO] --- resources:3.3.1:testResources (default-testResources) @ auth-service ---
[INFO] skip non existing resourceDirectory /home/rayenfehri/9raya/sem2/web/backend/auth-service/src/test/resources
[INFO] 
[INFO] --- compiler:3.11.0:testCompile (default-testCompile) @ auth-service ---
[INFO] No sources to compile
[INFO] 
[INFO] --- surefire:3.1.2:test (default-test) @ auth-service ---
[INFO] Tests are skipped.
[INFO] 
[INFO] --- jar:3.3.0:jar (default-jar) @ auth-service ---
[INFO] Building jar: /home/rayenfehri/9raya/sem2/web/backend/auth-service/target/auth-service-0.0.1-SNAPSHOT.jar
[INFO] 
[INFO] --- spring-boot:3.2.4:repackage (repackage) @ auth-service ---
[INFO] Replacing main artifact /home/rayenfehri/9raya/sem2/web/backend/auth-service/target/auth-service-0.0.1-SNAPSHOT.jar with repackaged archive, adding nested dependencies in BOOT-INF/.
[INFO] The original artifact has been renamed to /home/rayenfehri/9raya/sem2/web/backend/auth-service/target/auth-service-0.0.1-SNAPSHOT.jar.original
[INFO] 
[INFO] --- install:3.1.1:install (default-install) @ auth-service ---
[INFO] Installing /home/rayenfehri/9raya/sem2/web/backend/auth-service/pom.xml to /home/rayenfehri/.m2/repository/com/iatechnology/auth-service/0.0.1-SNAPSHOT/auth-service-0.0.1-SNAPSHOT.pom
[INFO] Installing /home/rayenfehri/9raya/sem2/web/backend/auth-service/target/auth-service-0.0.1-SNAPSHOT.jar to /home/rayenfehri/.m2/repository/com/iatechnology/auth-service/0.0.1-SNAPSHOT/auth-service-0.0.1-SNAPSHOT.jar
[INFO] 
[INFO] -------------------< com.iatechnology:core-service >--------------------
[INFO] Building core-service 0.0.1-SNAPSHOT                               [5/5]
[INFO]   from core-service/pom.xml
[INFO] --------------------------------[ jar ]---------------------------------
[INFO] 
[INFO] --- clean:3.3.2:clean (default-clean) @ core-service ---
[INFO] Deleting /home/rayenfehri/9raya/sem2/web/backend/core-service/target
[INFO] 
[INFO] --- resources:3.3.1:resources (default-resources) @ core-service ---
[INFO] Copying 1 resource from src/main/resources to target/classes
[INFO] Copying 0 resource from src/main/resources to target/classes
[INFO] 
[INFO] --- compiler:3.11.0:compile (default-compile) @ core-service ---
[INFO] Changes detected - recompiling the module! :source
[INFO] Compiling 45 source files with javac [debug release 17] to target/classes
[INFO] Annotation processing is enabled because one or more processors were found
  on the class path. A future release of javac may disable annotation processing
  unless at least one processor is specified by name (-processor), or a search
  path is specified (--processor-path, --processor-module-path), or annotation
  processing is enabled explicitly (-proc:only, -proc:full).
  Use -Xlint:-options to suppress this message.
  Use -proc:none to disable annotation processing.
[INFO] 
[INFO] --- resources:3.3.1:testResources (default-testResources) @ core-service ---
[INFO] skip non existing resourceDirectory /home/rayenfehri/9raya/sem2/web/backend/core-service/src/test/resources
[INFO] 
[INFO] --- compiler:3.11.0:testCompile (default-testCompile) @ core-service ---
[INFO] No sources to compile
[INFO] 
[INFO] --- surefire:3.1.2:test (default-test) @ core-service ---
[INFO] Tests are skipped.
[INFO] 
[INFO] --- jar:3.3.0:jar (default-jar) @ core-service ---
[INFO] Building jar: /home/rayenfehri/9raya/sem2/web/backend/core-service/target/core-service-0.0.1-SNAPSHOT.jar
[INFO] 
[INFO] --- spring-boot:3.2.4:repackage (repackage) @ core-service ---
[INFO] Replacing main artifact /home/rayenfehri/9raya/sem2/web/backend/core-service/target/core-service-0.0.1-SNAPSHOT.jar with repackaged archive, adding nested dependencies in BOOT-INF/.
[INFO] The original artifact has been renamed to /home/rayenfehri/9raya/sem2/web/backend/core-service/target/core-service-0.0.1-SNAPSHOT.jar.original
[INFO] 
[INFO] --- install:3.1.1:install (default-install) @ core-service ---
[INFO] Installing /home/rayenfehri/9raya/sem2/web/backend/core-service/pom.xml to /home/rayenfehri/.m2/repository/com/iatechnology/core-service/0.0.1-SNAPSHOT/core-service-0.0.1-SNAPSHOT.pom
[INFO] Installing /home/rayenfehri/9raya/sem2/web/backend/core-service/target/core-service-0.0.1-SNAPSHOT.jar to /home/rayenfehri/.m2/repository/com/iatechnology/core-service/0.0.1-SNAPSHOT/core-service-0.0.1-SNAPSHOT.jar
[INFO] ------------------------------------------------------------------------
[INFO] Reactor Summary for ia-technology-backend 0.0.1-SNAPSHOT:
[INFO] 
[INFO] ia-technology-backend .............................. SUCCESS [  0.191 s]
[INFO] eureka-server ...................................... SUCCESS [  3.102 s]
[INFO] api-gateway ........................................ SUCCESS [  1.036 s]
[INFO] auth-service ....................................... SUCCESS [  2.921 s]
[INFO] core-service ....................................... SUCCESS [  2.004 s]
[INFO] ------------------------------------------------------------------------
[INFO] BUILD SUCCESS
[INFO] ------------------------------------------------------------------------
[INFO] Total time:  9.665 s
[INFO] Finished at: 2026-04-21T12:24:53+01:00
[INFO] ------------------------------------------------------------------------
[2/5] Démarrage de Eureka Server (Port 8761)...
[3/5] Démarrage du Auth Service (Port 8081)...
[4/5] Démarrage du Core Service (Port 8082)...
[5/5] Démarrage de API Gateway (Port 8080)...
==================================================
✅ Tous les services ont été dispatchés en arrière-plan !

📊 Pour suivre les logs, utilisez :
 - tail -f eureka.log
 - tail -f gateway.log
 - tail -f auth.log
 - tail -f core.log

🛑 Pour tout arrêter, tapez : pkill -f spring-boot:run
